<?xml version="1.0" encoding="UTF-8"?>
<!-- Generated by org.testng.reporters.JUnitReportReporter -->
<testsuite hostname="LAPTOP-QN8U9H69" failures="0" tests="1" name="Sprint_01.S6_64_Clone_Task" time="57.877" errors="0" timestamp="2024-10-24T23:28:54 IST" skipped="0">
  <testcase classname="Sprint_01.S6_64_Clone_Task" name="cloneTask" time="57.877"/>
</testsuite> <!-- Sprint_01.S6_64_Clone_Task -->
