<?xml version="1.0" encoding="UTF-8"?>
<!-- Generated by org.testng.reporters.JUnitReportReporter -->
<testsuite hostname="LAPTOP-QN8U9H69" failures="0" tests="1" name="Sprint_01.S6_62_Filter_Task" time="66.563" errors="0" timestamp="2024-10-21T22:56:36 IST" skipped="0">
  <testcase classname="Sprint_01.S6_62_Filter_Task" name="filterTask" time="66.563"/>
</testsuite> <!-- Sprint_01.S6_62_Filter_Task -->
