<?xml version="1.0" encoding="UTF-8"?>
<!-- Generated by org.testng.reporters.JUnitReportReporter -->
<testsuite hostname="LAPTOP-QN8U9H69" failures="0" tests="1" name="Sprint_01.S6_63_New_Chart" time="43.705" errors="0" timestamp="2024-10-25T22:50:23 IST" skipped="0">
  <testcase classname="Sprint_01.S6_63_New_Chart" name="newChart" time="43.705"/>
</testsuite> <!-- Sprint_01.S6_63_New_Chart -->
