<?xml version="1.0" encoding="UTF-8"?>
<!-- Generated by org.testng.reporters.JUnitReportReporter -->
<testsuite hostname="LAPTOP-QN8U9H69" failures="0" tests="1" name="Sprint_01.S6_76_CreatePayment" time="26.732" errors="0" timestamp="2024-10-26T14:35:07 IST" skipped="0">
  <testcase classname="Sprint_01.S6_76_CreatePayment" name="createPay" time="26.732"/>
</testsuite> <!-- Sprint_01.S6_76_CreatePayment -->
