<?xml version="1.0" encoding="UTF-8"?>
<!-- Generated by org.testng.reporters.JUnitReportReporter -->
<testsuite hostname="LAPTOP-QN8U9H69" failures="0" tests="1" name="Sprint_01.PieChartIssue" time="13.563" errors="0" timestamp="2024-10-25T20:05:19 IST" skipped="0">
  <testcase classname="Sprint_01.PieChartIssue" name="newChart" time="13.563"/>
</testsuite> <!-- Sprint_01.PieChartIssue -->
