<?xml version="1.0" encoding="UTF-8"?>
<!-- Generated by org.testng.reporters.JUnitReportReporter -->
<testsuite hostname="LAPTOP-QN8U9H69" failures="0" tests="1" name="Sprint_01.S6_85_Post_Deleted" time="25.405" errors="0" timestamp="2024-10-26T23:20:22 IST" skipped="0">
  <testcase classname="Sprint_01.S6_85_Post_Deleted" name="createPay" time="25.405"/>
</testsuite> <!-- Sprint_01.S6_85_Post_Deleted -->
