<?xml version="1.0" encoding="UTF-8"?>
<!-- Generated by org.testng.reporters.JUnitReportReporter -->
<testsuite hostname="LAPTOP-QN8U9H69" failures="0" tests="1" name="Sprint_01.S6_85_SalesForce_Classic_NewAcc" time="32.757" errors="0" timestamp="2024-10-26T17:11:55 IST" skipped="0">
  <testcase classname="Sprint_01.S6_85_SalesForce_Classic_NewAcc" name="createPay" time="32.757"/>
</testsuite> <!-- Sprint_01.S6_85_SalesForce_Classic_NewAcc -->
